Start testing: Oct 02 14:36 -03
----------------------------------------------------------
1/1 Testing: parser_test
1/1 Test: parser_test
Command: "/home/jeff/Projects/jjson/build/tests/parser_test" "COMMAND" "$<TARGET_FILE:parser_test>"
Directory: /home/jeff/Projects/jjson/build/tests
"parser_test" start time: Oct 02 14:36 -03
Output:
----------------------------------------------------------
Running main() from /home/jeff/Projects/jjson/build/_deps/googletest-src/googletest/src/gtest_main.cc
[==========] Running 7 tests from 1 test suite.
[----------] Global test environment set-up.
[----------] 7 tests from JsonSuite
[ RUN      ] JsonSuite.PrimitiveTypes
[       OK ] JsonSuite.PrimitiveTypes (0 ms)
[ RUN      ] JsonSuite.PrimitiveOptional
[       OK ] JsonSuite.PrimitiveOptional (0 ms)
[ RUN      ] JsonSuite.CustomTypes
[       OK ] JsonSuite.CustomTypes (0 ms)
[ RUN      ] JsonSuite.ParseFormated
[       OK ] JsonSuite.ParseFormated (0 ms)
[ RUN      ] JsonSuite.ParseSpaced
[       OK ] JsonSuite.ParseSpaced (0 ms)
[ RUN      ] JsonSuite.Huge
[       OK ] JsonSuite.Huge (0 ms)
[ RUN      ] JsonSuite.Invalid
[       OK ] JsonSuite.Invalid (0 ms)
[----------] 7 tests from JsonSuite (1 ms total)

[----------] Global test environment tear-down
[==========] 7 tests from 1 test suite ran. (1 ms total)
[  PASSED  ] 7 tests.
<end of output>
Test time =   0.00 sec
----------------------------------------------------------
Test Passed.
"parser_test" end time: Oct 02 14:36 -03
"parser_test" time elapsed: 00:00:00
----------------------------------------------------------

End testing: Oct 02 14:36 -03
